/*C8*/SET SCHEMA PUBLIC
CREATE TABLE IF NOT EXISTS AL_CONFIGURATION ( PROPERTY_NAME VARCHAR(255) NOT NULL UNIQUE , PROPERTY_VALUE LONGVARCHAR ) 
CREATE TABLE IF NOT EXISTS AL_GROUPS ( GROUP_NAME VARCHAR(255) NOT NULL PRIMARY KEY , DESCRIPTION LONGVARCHAR ) 
CREATE TABLE IF NOT EXISTS AL_TABLES ( TABLE_NAME VARCHAR(255) NOT NULL PRIMARY KEY , GROUP_NAME VARCHAR(255) , DESCRIPTION LONGVARCHAR ) 
CREATE TABLE IF NOT EXISTS AL_CUSTOM_TYPE ( TABLE_NAME VARCHAR(255) , COLUMN_NAME VARCHAR(255) , TYPE VARCHAR(255) , NAME VARCHAR(255) ) 
CREATE TABLE IF NOT EXISTS AL_VIEWS ( VIEW_NAME VARCHAR(255) NOT NULL UNIQUE , VIEW_DEFINITION LONGVARCHAR , IS_VALID BOOLEAN ) 
CREATE TABLE IF NOT EXISTS AL_SELECTED_LOG_OBJECTS ( NAME VARCHAR(255) NOT NULL UNIQUE , TYPE VARCHAR(255) ) 
CREATE TABLE IF NOT EXISTS AL_DB_OBJECTS ( NAME VARCHAR(255) NOT NULL UNIQUE , TYPE VARCHAR(255) , USAGE VARCHAR(255) ) 
DISCONNECT
/*C10*/SET SCHEMA PUBLIC
DISCONNECT
/*C11*/SET SCHEMA PUBLIC
DISCONNECT
/*C12*/SET SCHEMA PUBLIC
DISCONNECT
/*C13*/SET SCHEMA PUBLIC
DISCONNECT
/*C14*/SET SCHEMA PUBLIC
DISCONNECT
/*C15*/SET SCHEMA PUBLIC
DISCONNECT
/*C16*/SET SCHEMA PUBLIC
DISCONNECT
/*C9*/SET SCHEMA PUBLIC
ALTER TABLE ilosc_sekwencji ALTER COLUMN body_part SET DEFAULT '0.00' 
ALTER TABLE ilosc_sekwencji ALTER COLUMN body_part DROP DEFAULT 
ALTER TABLE ilosc_sekwencji ALTER COLUMN sekw_1 SET DEFAULT '0' 
ALTER TABLE ilosc_sekwencji ALTER COLUMN sekw_2 SET DEFAULT '0' 
ALTER TABLE ilosc_sekwencji ALTER COLUMN sekw_3 SET DEFAULT '0' 
ALTER TABLE ilosc_sekwencji ALTER COLUMN sekw_4 SET DEFAULT '0' 
ALTER TABLE ilosc_sekwencji ALTER COLUMN sekw_5 SET DEFAULT '0' 
ALTER TABLE ilosc_sekwencji ALTER COLUMN sekw_6 SET DEFAULT '0' 
ALTER TABLE ilosc_sekwencji ALTER COLUMN sekw_7 SET DEFAULT '0' 
ALTER TABLE ilosc_sekwencji ALTER COLUMN sekw_9 SET DEFAULT '0' 
ALTER TABLE ilosc_sekwencji ALTER COLUMN sekw_10 SET DEFAULT '0' 
ALTER TABLE ilosc_sekwencji ALTER COLUMN sekw_11 SET DEFAULT '0' 
ALTER TABLE ilosc_sekwencji ALTER COLUMN sekw_12 SET DEFAULT '0' 
ALTER TABLE ilosc_sekwencji ALTER COLUMN sekw_13 SET DEFAULT '0' 
/*C17*/SET SCHEMA PUBLIC
DISCONNECT
/*C18*/SET SCHEMA PUBLIC
DISCONNECT
/*C19*/SET SCHEMA PUBLIC
DISCONNECT
/*C20*/SET SCHEMA PUBLIC
DISCONNECT
/*C21*/SET SCHEMA PUBLIC
DISCONNECT
/*C22*/SET SCHEMA PUBLIC
DISCONNECT
/*C23*/SET SCHEMA PUBLIC
DISCONNECT
/*C24*/SET SCHEMA PUBLIC
DISCONNECT
/*C25*/SET SCHEMA PUBLIC
DISCONNECT
/*C26*/SET SCHEMA PUBLIC
DISCONNECT
/*C27*/SET SCHEMA PUBLIC
DISCONNECT
/*C28*/SET SCHEMA PUBLIC
DISCONNECT
/*C29*/SET SCHEMA PUBLIC
DISCONNECT
/*C30*/SET SCHEMA PUBLIC
DISCONNECT
/*C31*/SET SCHEMA PUBLIC
DISCONNECT
/*C32*/SET SCHEMA PUBLIC
DISCONNECT
/*C9*/DELETE FROM ILOSC_SEKWENCJI WHERE AL_ID=1
INSERT INTO ILOSC_SEKWENCJI VALUES(1,'kr\u0119g szyjny',9,13,13,13,20,0,NULL,NULL,NULL,NULL,NULL,NULL,NULL,0.05E0,15.0E0,0.1E0,6.0E0)
COMMIT
DELETE FROM ILOSC_SEKWENCJI WHERE AL_ID=1
INSERT INTO ILOSC_SEKWENCJI VALUES(1,'kr\u0119g szyjny',9,13,13,13,20,0,0,NULL,NULL,NULL,NULL,NULL,NULL,0.05E0,15.0E0,0.1E0,6.0E0)
COMMIT
DELETE FROM ILOSC_SEKWENCJI WHERE AL_ID=1
INSERT INTO ILOSC_SEKWENCJI VALUES(1,'kr\u0119g szyjny',9,13,13,13,20,0,0,0,NULL,NULL,NULL,NULL,NULL,0.05E0,15.0E0,0.1E0,6.0E0)
COMMIT
DELETE FROM ILOSC_SEKWENCJI WHERE AL_ID=1
INSERT INTO ILOSC_SEKWENCJI VALUES(1,'kr\u0119g szyjny',9,13,13,13,20,0,0,0,0,NULL,NULL,NULL,NULL,0.05E0,15.0E0,0.1E0,6.0E0)
COMMIT
DELETE FROM ILOSC_SEKWENCJI WHERE AL_ID=1
INSERT INTO ILOSC_SEKWENCJI VALUES(1,'kr\u0119g szyjny',9,13,13,13,20,0,0,0,0,0,NULL,NULL,NULL,0.05E0,15.0E0,0.1E0,6.0E0)
COMMIT
DELETE FROM ILOSC_SEKWENCJI WHERE AL_ID=1
INSERT INTO ILOSC_SEKWENCJI VALUES(1,'kr\u0119g szyjny',9,13,13,13,20,0,0,0,0,0,0,NULL,NULL,0.05E0,15.0E0,0.1E0,6.0E0)
COMMIT
DELETE FROM ILOSC_SEKWENCJI WHERE AL_ID=1
INSERT INTO ILOSC_SEKWENCJI VALUES(1,'kr\u0119g szyjny',9,13,13,13,20,0,0,0,0,0,0,0,NULL,0.05E0,15.0E0,0.1E0,6.0E0)
COMMIT
DELETE FROM ILOSC_SEKWENCJI WHERE AL_ID=1
INSERT INTO ILOSC_SEKWENCJI VALUES(1,'kr\u0119g szyjny',9,13,13,13,20,0,0,0,0,0,0,0,0,0.05E0,15.0E0,0.1E0,6.0E0)
COMMIT
DELETE FROM ILOSC_SEKWENCJI WHERE AL_ID=0
INSERT INTO ILOSC_SEKWENCJI VALUES(0,'kr\u0119g l\u0119d\u017awiowy',9,15,15,15,28,28,NULL,NULL,NULL,NULL,NULL,NULL,0,0.05E0,16.0E0,0.05E0,11.0E0)
COMMIT
DELETE FROM ILOSC_SEKWENCJI WHERE AL_ID=0
INSERT INTO ILOSC_SEKWENCJI VALUES(0,'kr\u0119g l\u0119d\u017awiowy',9,15,15,15,28,28,NULL,NULL,NULL,NULL,NULL,0,0,0.05E0,16.0E0,0.05E0,11.0E0)
COMMIT
DELETE FROM ILOSC_SEKWENCJI WHERE AL_ID=0
INSERT INTO ILOSC_SEKWENCJI VALUES(0,'kr\u0119g l\u0119d\u017awiowy',9,15,15,15,28,28,NULL,NULL,NULL,NULL,0,0,0,0.05E0,16.0E0,0.05E0,11.0E0)
COMMIT
DELETE FROM ILOSC_SEKWENCJI WHERE AL_ID=0
INSERT INTO ILOSC_SEKWENCJI VALUES(0,'kr\u0119g l\u0119d\u017awiowy',9,15,15,15,28,28,NULL,NULL,NULL,0,0,0,0,0.05E0,16.0E0,0.05E0,11.0E0)
COMMIT
DELETE FROM ILOSC_SEKWENCJI WHERE AL_ID=0
INSERT INTO ILOSC_SEKWENCJI VALUES(0,'kr\u0119g l\u0119d\u017awiowy',9,15,15,15,28,28,NULL,NULL,0,0,0,0,0,0.05E0,16.0E0,0.05E0,11.0E0)
COMMIT
DELETE FROM ILOSC_SEKWENCJI WHERE AL_ID=0
INSERT INTO ILOSC_SEKWENCJI VALUES(0,'kr\u0119g l\u0119d\u017awiowy',9,15,15,15,28,28,0,NULL,0,0,0,0,0,0.05E0,16.0E0,0.05E0,11.0E0)
COMMIT
DELETE FROM ILOSC_SEKWENCJI WHERE AL_ID=5
INSERT INTO ILOSC_SEKWENCJI VALUES(5,'zatoki',9,24,24,24,21,0,NULL,0,NULL,NULL,NULL,NULL,NULL,0.15E0,15.0E0,0.05E0,10.0E0)
COMMIT
DELETE FROM ILOSC_SEKWENCJI WHERE AL_ID=5
INSERT INTO ILOSC_SEKWENCJI VALUES(5,'zatoki',9,24,24,24,21,0,0,0,NULL,NULL,NULL,NULL,NULL,0.15E0,15.0E0,0.05E0,10.0E0)
COMMIT
DELETE FROM ILOSC_SEKWENCJI WHERE AL_ID=5
INSERT INTO ILOSC_SEKWENCJI VALUES(5,'zatoki',9,24,24,24,21,0,0,0,0,NULL,NULL,NULL,NULL,0.15E0,15.0E0,0.05E0,10.0E0)
COMMIT
DELETE FROM ILOSC_SEKWENCJI WHERE AL_ID=4
INSERT INTO ILOSC_SEKWENCJI VALUES(4,'g\u0142owa',9,24,24,24,24,48,21,0,0,NULL,NULL,NULL,NULL,0.35E0,17.0E0,0.3E0,17.0E0)
COMMIT
DELETE FROM ILOSC_SEKWENCJI WHERE AL_ID=2
INSERT INTO ILOSC_SEKWENCJI VALUES(2,'kr\u0119g piersiowy',9,13,11,15,15,15,40,40,NULL,0,NULL,NULL,NULL,0.05E0,20.0E0,0.05E0,15.0E0)
COMMIT
DELETE FROM ILOSC_SEKWENCJI WHERE AL_ID=2
INSERT INTO ILOSC_SEKWENCJI VALUES(2,'kr\u0119g piersiowy',9,13,11,15,15,15,40,40,0,0,NULL,NULL,NULL,0.05E0,20.0E0,0.05E0,15.0E0)
COMMIT
DELETE FROM ILOSC_SEKWENCJI WHERE AL_ID=3
INSERT INTO ILOSC_SEKWENCJI VALUES(3,'MRCP',9,22,24,24,24,3,15,3,22,0,NULL,NULL,NULL,0.02E0,20.0E0,0.1E0,14.0E0)
COMMIT
DELETE FROM ILOSC_SEKWENCJI WHERE AL_ID=4
INSERT INTO ILOSC_SEKWENCJI VALUES(4,'g\u0142owa',9,24,24,24,24,48,21,0,0,0,NULL,NULL,NULL,0.35E0,17.0E0,0.3E0,17.0E0)
COMMIT
DELETE FROM ILOSC_SEKWENCJI WHERE AL_ID=5
INSERT INTO ILOSC_SEKWENCJI VALUES(5,'zatoki',9,24,24,24,21,0,0,0,0,0,NULL,NULL,NULL,0.15E0,15.0E0,0.05E0,10.0E0)
COMMIT
DELETE FROM ILOSC_SEKWENCJI WHERE AL_ID=4
INSERT INTO ILOSC_SEKWENCJI VALUES(4,'g\u0142owa',9,24,24,24,24,48,21,0,0,0,0,NULL,NULL,0.35E0,17.0E0,0.3E0,17.0E0)
COMMIT
DELETE FROM ILOSC_SEKWENCJI WHERE AL_ID=3
INSERT INTO ILOSC_SEKWENCJI VALUES(3,'MRCP',9,22,24,24,24,3,15,3,22,0,0,NULL,NULL,0.02E0,20.0E0,0.1E0,14.0E0)
COMMIT
DELETE FROM ILOSC_SEKWENCJI WHERE AL_ID=2
INSERT INTO ILOSC_SEKWENCJI VALUES(2,'kr\u0119g piersiowy',9,13,11,15,15,15,40,40,0,0,0,NULL,NULL,0.05E0,20.0E0,0.05E0,15.0E0)
COMMIT
DELETE FROM ILOSC_SEKWENCJI WHERE AL_ID=2
INSERT INTO ILOSC_SEKWENCJI VALUES(2,'kr\u0119g piersiowy',9,13,11,15,15,15,40,40,0,0,0,0,NULL,0.05E0,20.0E0,0.05E0,15.0E0)
COMMIT
DELETE FROM ILOSC_SEKWENCJI WHERE AL_ID=2
INSERT INTO ILOSC_SEKWENCJI VALUES(2,'kr\u0119g piersiowy',9,13,11,15,15,15,40,40,0,0,0,0,0,0.05E0,20.0E0,0.05E0,15.0E0)
COMMIT
DELETE FROM ILOSC_SEKWENCJI WHERE AL_ID=3
INSERT INTO ILOSC_SEKWENCJI VALUES(3,'MRCP',9,22,24,24,24,3,15,3,22,0,0,NULL,0,0.02E0,20.0E0,0.1E0,14.0E0)
COMMIT
DELETE FROM ILOSC_SEKWENCJI WHERE AL_ID=3
INSERT INTO ILOSC_SEKWENCJI VALUES(3,'MRCP',9,22,24,24,24,3,15,3,22,0,0,0,0,0.02E0,20.0E0,0.1E0,14.0E0)
COMMIT
DELETE FROM ILOSC_SEKWENCJI WHERE AL_ID=4
INSERT INTO ILOSC_SEKWENCJI VALUES(4,'g\u0142owa',9,24,24,24,24,48,21,0,0,0,0,0,NULL,0.35E0,17.0E0,0.3E0,17.0E0)
COMMIT
DELETE FROM ILOSC_SEKWENCJI WHERE AL_ID=4
INSERT INTO ILOSC_SEKWENCJI VALUES(4,'g\u0142owa',9,24,24,24,24,48,21,0,0,0,0,0,0,0.35E0,17.0E0,0.3E0,17.0E0)
COMMIT
DELETE FROM ILOSC_SEKWENCJI WHERE AL_ID=5
INSERT INTO ILOSC_SEKWENCJI VALUES(5,'zatoki',9,24,24,24,21,0,0,0,0,0,NULL,NULL,0,0.15E0,15.0E0,0.05E0,10.0E0)
COMMIT
DELETE FROM ILOSC_SEKWENCJI WHERE AL_ID=5
INSERT INTO ILOSC_SEKWENCJI VALUES(5,'zatoki',9,24,24,24,21,0,0,0,0,0,NULL,0,0,0.15E0,15.0E0,0.05E0,10.0E0)
COMMIT
DELETE FROM ILOSC_SEKWENCJI WHERE AL_ID=5
INSERT INTO ILOSC_SEKWENCJI VALUES(5,'zatoki',9,24,24,24,21,0,0,0,0,0,0,0,0,0.15E0,15.0E0,0.05E0,10.0E0)
COMMIT
DELETE FROM ILOSC_SEKWENCJI WHERE AL_ID=7
INSERT INTO ILOSC_SEKWENCJI VALUES(7,'staw barkowy',15,22,22,25,25,26,26,0,0,NULL,NULL,NULL,NULL,0.03E0,20.0E0,0.1E0,16.0E0)
COMMIT
DELETE FROM ILOSC_SEKWENCJI WHERE AL_ID=7
INSERT INTO ILOSC_SEKWENCJI VALUES(7,'staw barkowy',15,22,22,25,25,26,26,0,0,0,NULL,NULL,NULL,0.03E0,20.0E0,0.1E0,16.0E0)
COMMIT
DELETE FROM ILOSC_SEKWENCJI WHERE AL_ID=7
INSERT INTO ILOSC_SEKWENCJI VALUES(7,'staw barkowy',15,22,22,25,25,26,26,0,0,0,0,NULL,NULL,0.03E0,20.0E0,0.1E0,16.0E0)
COMMIT
DELETE FROM ILOSC_SEKWENCJI WHERE AL_ID=7
INSERT INTO ILOSC_SEKWENCJI VALUES(7,'staw barkowy',15,22,22,25,25,26,26,0,0,0,0,0,NULL,0.03E0,20.0E0,0.1E0,16.0E0)
COMMIT
DELETE FROM ILOSC_SEKWENCJI WHERE AL_ID=7
INSERT INTO ILOSC_SEKWENCJI VALUES(7,'staw barkowy',15,22,22,25,25,26,26,0,0,0,0,0,0,0.03E0,20.0E0,0.1E0,16.0E0)
COMMIT
DELETE FROM ILOSC_SEKWENCJI WHERE AL_ID=8
INSERT INTO ILOSC_SEKWENCJI VALUES(8,'staw \u0142okciowy',9,5,18,18,24,24,24,16,16,NULL,NULL,NULL,0,0.05E0,14.0E0,0.02E0,15.0E0)
COMMIT
DELETE FROM ILOSC_SEKWENCJI WHERE AL_ID=8
INSERT INTO ILOSC_SEKWENCJI VALUES(8,'staw \u0142okciowy',9,5,18,18,24,24,24,16,16,NULL,NULL,0,0,0.05E0,14.0E0,0.02E0,15.0E0)
COMMIT
DELETE FROM ILOSC_SEKWENCJI WHERE AL_ID=8
INSERT INTO ILOSC_SEKWENCJI VALUES(8,'staw \u0142okciowy',9,5,18,18,24,24,24,16,16,NULL,0,0,0,0.05E0,14.0E0,0.02E0,15.0E0)
COMMIT
DELETE FROM ILOSC_SEKWENCJI WHERE AL_ID=8
INSERT INTO ILOSC_SEKWENCJI VALUES(8,'staw \u0142okciowy',9,5,18,18,24,24,24,16,16,0,0,0,0,0.05E0,14.0E0,0.02E0,15.0E0)
COMMIT
DELETE FROM ILOSC_SEKWENCJI WHERE AL_ID=0
INSERT INTO ILOSC_SEKWENCJI VALUES(0,'kr\u0119g l\u0119d\u017awiowy',9,15,15,15,28,28,0,0,0,0,0,0,0,0.05E0,16.0E0,0.05E0,11.0E0)
COMMIT
DELETE FROM ILOSC_SEKWENCJI WHERE AL_ID=9
INSERT INTO ILOSC_SEKWENCJI VALUES(9,'nadgarstek',9,5,15,15,15,13,16,16,16,0,NULL,NULL,NULL,0.05E0,15.0E0,0.02E0,12.0E0)
COMMIT
DELETE FROM ILOSC_SEKWENCJI WHERE AL_ID=10
INSERT INTO ILOSC_SEKWENCJI VALUES(10,'staw skokowy',9,21,21,21,24,24,24,24,0,NULL,NULL,NULL,NULL,0.05E0,18.0E0,0.01E0,16.0E0)
COMMIT
DELETE FROM ILOSC_SEKWENCJI WHERE AL_ID=11
INSERT INTO ILOSC_SEKWENCJI VALUES(11,'staw kolanowy',15,20,20,20,20,20,26,26,0,NULL,NULL,NULL,NULL,0.05E0,25.0E0,0.05E0,16.0E0)
COMMIT
DELETE FROM ILOSC_SEKWENCJI WHERE AL_ID=11
INSERT INTO ILOSC_SEKWENCJI VALUES(11,'staw kolanowy',15,20,20,20,20,20,26,26,0,0,NULL,NULL,NULL,0.05E0,25.0E0,0.05E0,16.0E0)
COMMIT
DELETE FROM ILOSC_SEKWENCJI WHERE AL_ID=10
INSERT INTO ILOSC_SEKWENCJI VALUES(10,'staw skokowy',9,21,21,21,24,24,24,24,0,0,NULL,NULL,NULL,0.05E0,18.0E0,0.01E0,16.0E0)
COMMIT
DELETE FROM ILOSC_SEKWENCJI WHERE AL_ID=9
INSERT INTO ILOSC_SEKWENCJI VALUES(9,'nadgarstek',9,5,15,15,15,13,16,16,16,0,0,NULL,NULL,0.05E0,15.0E0,0.02E0,12.0E0)
COMMIT
DELETE FROM ILOSC_SEKWENCJI WHERE AL_ID=10
INSERT INTO ILOSC_SEKWENCJI VALUES(10,'staw skokowy',9,21,21,21,24,24,24,24,0,0,0,NULL,NULL,0.05E0,18.0E0,0.01E0,16.0E0)
COMMIT
DELETE FROM ILOSC_SEKWENCJI WHERE AL_ID=11
INSERT INTO ILOSC_SEKWENCJI VALUES(11,'staw kolanowy',15,20,20,20,20,20,26,26,0,0,0,NULL,NULL,0.05E0,25.0E0,0.05E0,16.0E0)
COMMIT
DELETE FROM ILOSC_SEKWENCJI WHERE AL_ID=11
INSERT INTO ILOSC_SEKWENCJI VALUES(11,'staw kolanowy',15,20,20,20,20,20,26,26,0,0,0,0,NULL,0.05E0,25.0E0,0.05E0,16.0E0)
COMMIT
DELETE FROM ILOSC_SEKWENCJI WHERE AL_ID=10
INSERT INTO ILOSC_SEKWENCJI VALUES(10,'staw skokowy',9,21,21,21,24,24,24,24,0,0,0,0,NULL,0.05E0,18.0E0,0.01E0,16.0E0)
COMMIT
DELETE FROM ILOSC_SEKWENCJI WHERE AL_ID=9
INSERT INTO ILOSC_SEKWENCJI VALUES(9,'nadgarstek',9,5,15,15,15,13,16,16,16,0,0,0,NULL,0.05E0,15.0E0,0.02E0,12.0E0)
COMMIT
DELETE FROM ILOSC_SEKWENCJI WHERE AL_ID=9
INSERT INTO ILOSC_SEKWENCJI VALUES(9,'nadgarstek',9,5,15,15,15,13,16,16,16,0,0,0,0,0.05E0,15.0E0,0.02E0,12.0E0)
COMMIT
DELETE FROM ILOSC_SEKWENCJI WHERE AL_ID=10
INSERT INTO ILOSC_SEKWENCJI VALUES(10,'staw skokowy',9,21,21,21,24,24,24,24,0,0,0,0,0,0.05E0,18.0E0,0.01E0,16.0E0)
COMMIT
DELETE FROM ILOSC_SEKWENCJI WHERE AL_ID=11
INSERT INTO ILOSC_SEKWENCJI VALUES(11,'staw kolanowy',15,20,20,20,20,20,26,26,0,0,0,0,0,0.05E0,25.0E0,0.05E0,16.0E0)
COMMIT
/*C33*/SET SCHEMA PUBLIC
DISCONNECT
/*C34*/SET SCHEMA PUBLIC
DISCONNECT
/*C35*/SET SCHEMA PUBLIC
DISCONNECT
/*C36*/SET SCHEMA PUBLIC
DISCONNECT
/*C37*/SET SCHEMA PUBLIC
DISCONNECT
/*C38*/SET SCHEMA PUBLIC
DISCONNECT
/*C39*/SET SCHEMA PUBLIC
DISCONNECT
/*C40*/SET SCHEMA PUBLIC
DISCONNECT
/*C41*/SET SCHEMA PUBLIC
DISCONNECT
/*C42*/SET SCHEMA PUBLIC
DISCONNECT
/*C43*/SET SCHEMA PUBLIC
DISCONNECT
/*C44*/SET SCHEMA PUBLIC
DISCONNECT
/*C45*/SET SCHEMA PUBLIC
DISCONNECT
/*C46*/SET SCHEMA PUBLIC
DISCONNECT
/*C47*/SET SCHEMA PUBLIC
DISCONNECT
/*C48*/SET SCHEMA PUBLIC
DISCONNECT
/*C49*/SET SCHEMA PUBLIC
DISCONNECT
/*C50*/SET SCHEMA PUBLIC
DISCONNECT
/*C51*/SET SCHEMA PUBLIC
DISCONNECT
/*C52*/SET SCHEMA PUBLIC
DISCONNECT
/*C53*/SET SCHEMA PUBLIC
DISCONNECT
/*C54*/SET SCHEMA PUBLIC
DISCONNECT
/*C55*/SET SCHEMA PUBLIC
DISCONNECT
/*C56*/SET SCHEMA PUBLIC
DISCONNECT
/*C9*/DISCONNECT
